<?xml version="1.0" encoding="UTF-8"?>
<coverage generated="1647955199443" clover="3.2.0">
  <project timestamp="1647955199443" name="All files">
    <metrics statements="20" coveredstatements="17" conditionals="4" coveredconditionals="2" methods="2" coveredmethods="2" elements="26" coveredelements="21" complexity="0" loc="20" ncloc="20" packages="1" files="1" classes="1"/>
    <file name="auto-merge.ts" path="/Users/Darren.Harvey2/Dev/auto-merge/src/auto-merge.ts">
      <metrics statements="20" coveredstatements="17" conditionals="4" coveredconditionals="2" methods="2" coveredmethods="2"/>
      <line num="1" count="1" type="stmt"/>
      <line num="2" count="1" type="stmt"/>
      <line num="6" count="1" type="stmt"/>
      <line num="7" count="3" type="stmt"/>
      <line num="8" count="3" type="stmt"/>
      <line num="9" count="3" type="stmt"/>
      <line num="10" count="3" type="stmt"/>
      <line num="19" count="3" type="stmt"/>
      <line num="22" count="3" type="cond" truecount="1" falsecount="0"/>
      <line num="23" count="1" type="stmt"/>
      <line num="24" count="1" type="stmt"/>
      <line num="27" count="2" type="cond" truecount="1" falsecount="0"/>
      <line num="28" count="1" type="stmt"/>
      <line num="29" count="1" type="stmt"/>
      <line num="32" count="1" type="stmt"/>
      <line num="34" count="1" type="stmt"/>
      <line num="35" count="1" type="stmt"/>
      <line num="43" count="0" type="cond" truecount="0" falsecount="2"/>
      <line num="44" count="0" type="stmt"/>
      <line num="46" count="0" type="stmt"/>
    </file>
  </project>
</coverage>
