{"/Users/Darren.Harvey2/Dev/auto-merge/src/auto-merge.ts": {"path":"/Users/Darren.Harvey2/Dev/auto-merge/src/auto-merge.ts","statementMap":{"0":{"start":{"line":1,"column":13},"end":{"line":1,"column":37}},"1":{"start":{"line":2,"column":15},"end":{"line":2,"column":41}},"2":{"start":{"line":6,"column":21},"end":{"line":49,"column":1}},"3":{"start":{"line":7,"column":16},"end":{"line":7,"column":38}},"4":{"start":{"line":8,"column":15},"end":{"line":8,"column":38}},"5":{"start":{"line":9,"column":15},"end":{"line":9,"column":38}},"6":{"start":{"line":10,"column":20},"end":{"line":10,"column":42}},"7":{"start":{"line":19,"column":6},"end":{"line":19,"column":48}},"8":{"start":{"line":22,"column":2},"end":{"line":25,"column":null}},"9":{"start":{"line":23,"column":4},"end":{"line":23,"column":72}},"10":{"start":{"line":24,"column":4},"end":{"line":24,"column":11}},"11":{"start":{"line":27,"column":2},"end":{"line":30,"column":null}},"12":{"start":{"line":27,"column":30},"end":{"line":27,"column":54}},"13":{"start":{"line":28,"column":4},"end":{"line":28,"column":79}},"14":{"start":{"line":29,"column":4},"end":{"line":29,"column":11}},"15":{"start":{"line":32,"column":18},"end":{"line":32,"column":42}},"16":{"start":{"line":34,"column":2},"end":{"line":48,"column":4}},"17":{"start":{"line":35,"column":4},"end":{"line":41,"column":null}},"18":{"start":{"line":43,"column":4},"end":{"line":47,"column":null}},"19":{"start":{"line":44,"column":6},"end":{"line":44,"column":36}},"20":{"start":{"line":46,"column":6},"end":{"line":46,"column":41}},"21":{"start":{"line":6,"column":13},"end":{"line":6,"column":21}}},"fnMap":{"0":{"name":"(anonymous_0)","decl":{"start":{"line":6,"column":21},"end":{"line":6,"column":24}},"loc":{"start":{"line":6,"column":26},"end":{"line":49,"column":1}}},"1":{"name":"(anonymous_1)","decl":{"start":{"line":27,"column":19},"end":{"line":27,"column":20}},"loc":{"start":{"line":27,"column":30},"end":{"line":27,"column":54}}}},"branchMap":{"0":{"loc":{"start":{"line":22,"column":2},"end":{"line":25,"column":null}},"type":"if","locations":[{"start":{"line":22,"column":2},"end":{"line":25,"column":null}}]},"1":{"loc":{"start":{"line":27,"column":2},"end":{"line":30,"column":null}},"type":"if","locations":[{"start":{"line":27,"column":2},"end":{"line":30,"column":null}}]},"2":{"loc":{"start":{"line":43,"column":4},"end":{"line":47,"column":null}},"type":"if","locations":[{"start":{"line":43,"column":4},"end":{"line":47,"column":null}},{"start":{"line":45,"column":11},"end":{"line":47,"column":null}}]}},"s":{"0":1,"1":1,"2":1,"3":3,"4":3,"5":3,"6":3,"7":3,"8":3,"9":1,"10":1,"11":2,"12":2,"13":1,"14":1,"15":1,"16":1,"17":1,"18":0,"19":0,"20":0,"21":1},"f":{"0":3,"1":2},"b":{"0":[1],"1":[1],"2":[0,0]}}
}
